<?xml version="1.0" encoding="UTF-8"?>
<!-- Generated by org.testng.reporters.JUnitXMLReporter -->
<testsuite ignored="6" hostname="Rajendra" failures="0" tests="1" name="Default test" time="6.243" errors="0" timestamp="02 Aug 2022 09:54:04 GMT">
  <testcase classname="com.tests.OperatorsPageTest" name="TC002_verify_Technical_Person_In_Operators_List" time="1.259"/>
  <testcase classname="com.tests.OperatorsPageTest" name="TC003_verify_Way_To_Connect_Without_WhatsApp_Only_To_Operator" time="0.0">
    <ignored/>
  </testcase> <!-- TC003_verify_Way_To_Connect_Without_WhatsApp_Only_To_Operator -->
  <testcase classname="com.tests.OperatorsPageTest" name="TC004_verify_Way_To_Connect_WhatsApp_Only_To_Operator" time="0.0">
    <ignored/>
  </testcase> <!-- TC004_verify_Way_To_Connect_WhatsApp_Only_To_Operator -->
  <testcase classname="com.tests.OperatorsPageTest" name="TC005_verify_Monday_Timing_Of_Operators" time="0.0">
    <ignored/>
  </testcase> <!-- TC005_verify_Monday_Timing_Of_Operators -->
  <testcase classname="com.tests.OperatorsPageTest" name="TC006_verify_Timing_Of_Operators" time="0.0">
    <ignored/>
  </testcase> <!-- TC006_verify_Timing_Of_Operators -->
  <testcase classname="com.tests.OperatorsPageTest" name="TC001_verify_Operators_List_Table_Data" time="0.0">
    <ignored/>
  </testcase> <!-- TC001_verify_Operators_List_Table_Data -->
  <testcase classname="com.tests.OperatorsPageTest" name="TC007_verify_Mobile_Number_Of_Operators" time="0.0">
    <ignored/>
  </testcase> <!-- TC007_verify_Mobile_Number_Of_Operators -->
</testsuite> <!-- Default test -->
